# configure exec: ./configure --prefix=/Users/uttam/Desktop/kafka/node_modules/node-rdkafka/build/deps --libdir=/Users/uttam/Desktop/kafka/node_modules/node-rdkafka/build/deps --prefix=/Users/uttam/Desktop/kafka/node_modules/node-rdkafka/build/deps --libdir=/Users/uttam/Desktop/kafka/node_modules/node-rdkafka/build/deps
# On Tue Jun 25 15:54:45 IST 2024
DBG 29096: Setting distro (distro) status to ok (action ignore)
DBG 29096: ccenv: WITH_CC:  --version failed: mklove/modules/configure.base: line 1824: --version: command not found
DBG 29096: Setting ccenv (ccenv) status to failed (action cont)
DBG 29096: Check ccenv (WITH_CC, action cont (originally cont)) failed: command ' --version' failed:
mklove/modules/configure.base: line 1824: --version: command not found
DBG 29096: Setting gcc (gcc) status to ok (action cont)
DBG 29096: cxxenv: WITH_CXX:  --version failed: mklove/modules/configure.base: line 1824: --version: command not found
DBG 29096: Setting cxxenv (cxxenv) status to failed (action cont)
DBG 29096: Check cxxenv (WITH_CXX, action cont (originally cont)) failed: command ' --version' failed:
mklove/modules/configure.base: line 1824: --version: command not found
DBG 29096: Setting gxx (gxx) status to ok (action cont)
DBG 29096: Setting ld (ld) status to ok (action disable)
DBG 29096: Setting nm (nm) status to ok (action disable)
DBG 29096: Setting objdump (objdump) status to ok (action disable)
DBG 29096: Setting strip (strip) status to ok (action disable)
DBG 29096: Setting libtool (libtool) status to ok (action disable)
DBG 29096: Setting ranlib (ranlib) status to ok (action disable)
DBG 29096: Compile check cc_g_dwarf () (sub=0): gcc   -Wall -Werror _mkltmpAplTeD.c -o _mkltmpAplTeD.c.o  -L/Users/uttam/Desktop/kafka/node_modules/node-rdkafka/build/deps -gstrict-dwarf 
DBG 29096: Setting cc_g_dwarf (cc_g_dwarf) status to ok (action cont)
DBG 29096: Setting pkgconfig (pkgconfig) status to ok (action cont)
DBG 29096: install: WITH_INSTALL: /usr/bin/install --version failed: /usr/bin/install: illegal option -- -
usage: install [-bCcpSsv] [-B suffix] [-f flags] [-g group] [-m mode]
               [-o owner] file1 file2
       install [-bCcpSsv] [-B suffix] [-f flags] [-g group] [-m mode]
               [-o owner] file1 ... fileN directory
       install -d [-v] [-g group] [-m mode] [-o owner] directory ...
DBG 29096: Setting install (install) status to failed (action cont)
DBG 29096: Check install (WITH_INSTALL, action cont (originally cont)) failed: command '/usr/bin/install --version' failed:
/usr/bin/install: illegal option -- -
usage: install [-bCcpSsv] [-B suffix] [-f flags] [-g group] [-m mode]
               [-o owner] file1 file2
       install [-bCcpSsv] [-B suffix] [-f flags] [-g group] [-m mode]
               [-o owner] file1 ... fileN directory
       install -d [-v] [-g group] [-m mode] [-o owner] directory ...
DBG 29096: gnuar: HAS_GNU_AR: ar -V 2>/dev/null | grep -q GNU failed: ar: one of options -dmpqrtsx is required
usage:  ar -d [-TLsv] archive file ...
	ar -m [-TLsv] archive file ...
	ar -m [-abiTLsv] position archive file ...
	ar -p [-TLsv] archive [file ...]
	ar -q [-cTLsv] archive file ...
	ar -r [-cuTLsv] archive file ...
	ar -r [-abciuTLsv] position archive file ...
	ar -t [-TLsv] archive [file ...]
	ar -x [-ouTLsv] archive [file ...]
DBG 29096: Setting gnuar (gnuar) status to failed (action disable)
DBG 29096: Check gnuar (HAS_GNU_AR, action disable (originally disable)) failed: command 'ar -V 2>/dev/null | grep -q GNU' failed:
ar: one of options -dmpqrtsx is required
usage:  ar -d [-TLsv] archive file ...
	ar -m [-TLsv] archive file ...
	ar -m [-abiTLsv] position archive file ...
	ar -p [-TLsv] archive [file ...]
	ar -q [-cTLsv] archive file ...
	ar -r [-cuTLsv] archive file ...
	ar -r [-abciuTLsv] position archive file ...
	ar -t [-TLsv] archive [file ...]
	ar -x [-ouTLsv] archive [file ...]
DBG 29096: Compile check PIC (HAVE_PIC) (sub=0): gcc  -gstrict-dwarf -O2 -Wall -Werror _mkltmpoUUe27.c -o _mkltmpoUUe27.c.o  -L/Users/uttam/Desktop/kafka/node_modules/node-rdkafka/build/deps -fPIC 
DBG 29096: Setting PIC (PIC) status to ok (action disable)
DBG 29096: Compile check gnulib (WITH_GNULD) (sub=0): gcc  -gstrict-dwarf -O2 -fPIC -Wall -Werror _mkltmpIsmQaD.c -o _mkltmpIsmQaD.c.o  -L/Users/uttam/Desktop/kafka/node_modules/node-rdkafka/build/deps -shared -Wl,-soname,mkltest.0 
DBG 29096: compile check for gnulib (WITH_GNULD) failed: gcc  -gstrict-dwarf -O2 -fPIC -Wall -Werror _mkltmpIsmQaD.c -o _mkltmpIsmQaD.c.o  -L/Users/uttam/Desktop/kafka/node_modules/node-rdkafka/build/deps -shared -Wl,-soname,mkltest.0 : ld: unknown option: -soname
clang: error: linker command failed with exit code 1 (use -v to see invocation)
DBG 29096: Setting gnulib (gnulib) status to failed (action cont)
DBG 29096: Check gnulib (WITH_GNULD, action cont (originally cont)) failed: compile check failed:
CC: CC
flags: -shared -Wl,-soname,mkltest.0
gcc  -gstrict-dwarf -O2 -fPIC -Wall -Werror _mkltmpIsmQaD.c -o _mkltmpIsmQaD.c.o  -L/Users/uttam/Desktop/kafka/node_modules/node-rdkafka/build/deps -shared -Wl,-soname,mkltest.0 :
ld: unknown option: -soname
clang: error: linker command failed with exit code 1 (use -v to see invocation)
source: 
DBG 29096: Compile check osxlib (WITH_OSXLD) (sub=0): gcc  -gstrict-dwarf -O2 -fPIC -Wall -Werror _mkltmpfNfABz.c -o _mkltmpfNfABz.c.o  -L/Users/uttam/Desktop/kafka/node_modules/node-rdkafka/build/deps -dynamiclib -Wl,-install_name,/tmp/mkltest.so.0 
DBG 29096: Setting osxlib (osxlib) status to ok (action cont)
DBG 29096: Compile check ldsflagvs () (sub=0): gcc  -gstrict-dwarf -O2 -fPIC -Wall -Werror _mkltmpIOh0ia.c -o _mkltmpIOh0ia.c.o  -L/Users/uttam/Desktop/kafka/node_modules/node-rdkafka/build/deps -shared -Wl,--version-script=_mkltmp4jrnK0 
DBG 29096: compile check for ldsflagvs () failed: gcc  -gstrict-dwarf -O2 -fPIC -Wall -Werror _mkltmpIOh0ia.c -o _mkltmpIOh0ia.c.o  -L/Users/uttam/Desktop/kafka/node_modules/node-rdkafka/build/deps -shared -Wl,--version-script=_mkltmp4jrnK0 : ld: unknown option: --version-script=_mkltmp4jrnK0
clang: error: linker command failed with exit code 1 (use -v to see invocation)
DBG 29096: Setting ldsflagvs (ldsflagvs) status to failed (action cont)
DBG 29096: Check ldsflagvs (, action cont (originally cont)) failed: compile check failed:
CC: CC
flags: -shared -Wl,--version-script=_mkltmp4jrnK0
gcc  -gstrict-dwarf -O2 -fPIC -Wall -Werror _mkltmpIOh0ia.c -o _mkltmpIOh0ia.c.o  -L/Users/uttam/Desktop/kafka/node_modules/node-rdkafka/build/deps -shared -Wl,--version-script=_mkltmp4jrnK0 :
ld: unknown option: --version-script=_mkltmp4jrnK0
clang: error: linker command failed with exit code 1 (use -v to see invocation)
source: 
DBG 29096: Compile check ldsflagm () (sub=0): gcc  -gstrict-dwarf -O2 -fPIC -Wall -Werror _mkltmpVCC09s.c -o _mkltmpVCC09s.c.o  -L/Users/uttam/Desktop/kafka/node_modules/node-rdkafka/build/deps -shared -Wl,-M_mkltmp4jrnK0 
DBG 29096: compile check for ldsflagm () failed: gcc  -gstrict-dwarf -O2 -fPIC -Wall -Werror _mkltmpVCC09s.c -o _mkltmpVCC09s.c.o  -L/Users/uttam/Desktop/kafka/node_modules/node-rdkafka/build/deps -shared -Wl,-M_mkltmp4jrnK0 : ld: unknown option: -M_mkltmp4jrnK0
clang: error: linker command failed with exit code 1 (use -v to see invocation)
DBG 29096: Setting ldsflagm (ldsflagm) status to failed (action ignore)
DBG 29096: Check ldsflagm (, action ignore (originally ignore)) failed: compile check failed:
CC: CC
flags: -shared -Wl,-M_mkltmp4jrnK0
gcc  -gstrict-dwarf -O2 -fPIC -Wall -Werror _mkltmpVCC09s.c -o _mkltmpVCC09s.c.o  -L/Users/uttam/Desktop/kafka/node_modules/node-rdkafka/build/deps -shared -Wl,-M_mkltmp4jrnK0 :
ld: unknown option: -M_mkltmp4jrnK0
clang: error: linker command failed with exit code 1 (use -v to see invocation)
source: 
DBG 29096: Compile check __atomic_32 (HAVE_ATOMICS_32) (sub=0): gcc  -gstrict-dwarf -O2 -fPIC -Wall -Werror _mkltmp1JVUY0.c -o _mkltmp1JVUY0.c.o  -L/Users/uttam/Desktop/kafka/node_modules/node-rdkafka/build/deps  
DBG 29096: Setting __atomic_32 (__atomic_32) status to ok (action cont)
DBG 29096: Compile check __atomic_64 (HAVE_ATOMICS_64) (sub=0): gcc  -gstrict-dwarf -O2 -fPIC -Wall -Werror _mkltmpRVPbi7.c -o _mkltmpRVPbi7.c.o  -L/Users/uttam/Desktop/kafka/node_modules/node-rdkafka/build/deps  
DBG 29096: Setting __atomic_64 (__atomic_64) status to ok (action cont)
DBG 29096: Compile check socket () (sub=0): gcc  -gstrict-dwarf -O2 -fPIC -Wall -Wsign-compare -Wfloat-equal -Wpointer-arith -Wcast-align -Wall -Werror _mkltmpcBdMtE.c -o _mkltmpcBdMtE.c.o  -L/Users/uttam/Desktop/kafka/node_modules/node-rdkafka/build/deps  
DBG 29096: Setting socket (socket) status to ok (action cont)
DBG 29096: Setting parseversion (parseversion) status to ok (action cont)
DBG 29096: pkg-config check librt for CFLAGS (): pkg-config --short-errors --cflags librt
DBG 29096: 'pkg-config --short-errors --cflags librt' failed: No package 'librt' found
DBG 29096: Setting librt_PKGCONFIG (librt_PKGCONFIG) status to failed (action cont)
DBG 29096: Check librt_PKGCONFIG (, action cont (originally cont)) failed: 'pkg-config --short-errors --cflags librt' failed:
No package 'librt' found
DBG 29096: librt: Check for static library (libs -lrt, arfile variable STATIC_LIB_librt=, static filenames )
DBG 29096: Compile check librt () (sub=0): gcc  -gstrict-dwarf -O2 -fPIC -Wall -Wsign-compare -Wfloat-equal -Wpointer-arith -Wcast-align -Wall -Werror _mkltmpPcyIRQ.c -o _mkltmpPcyIRQ.c.o  -L/Users/uttam/Desktop/kafka/node_modules/node-rdkafka/build/deps -lrt 
DBG 29096: compile check for librt () failed: gcc  -gstrict-dwarf -O2 -fPIC -Wall -Wsign-compare -Wfloat-equal -Wpointer-arith -Wcast-align -Wall -Werror _mkltmpPcyIRQ.c -o _mkltmpPcyIRQ.c.o  -L/Users/uttam/Desktop/kafka/node_modules/node-rdkafka/build/deps -lrt : ld: library not found for -lrt
clang: error: linker command failed with exit code 1 (use -v to see invocation)
DBG 29096: Setting librt (librt) status to failed (action cont)
DBG 29096: Check librt (, action cont (originally cont)) failed: compile check failed:
CC: CC
flags: -lrt
gcc  -gstrict-dwarf -O2 -fPIC -Wall -Wsign-compare -Wfloat-equal -Wpointer-arith -Wcast-align -Wall -Werror _mkltmpPcyIRQ.c -o _mkltmpPcyIRQ.c.o  -L/Users/uttam/Desktop/kafka/node_modules/node-rdkafka/build/deps -lrt :
ld: library not found for -lrt
clang: error: linker command failed with exit code 1 (use -v to see invocation)
source: 
DBG 29096: pkg-config check libpthread for CFLAGS (): pkg-config --short-errors --cflags libpthread
DBG 29096: 'pkg-config --short-errors --cflags libpthread' failed: No package 'libpthread' found
DBG 29096: Setting libpthread_PKGCONFIG (libpthread_PKGCONFIG) status to failed (action cont)
DBG 29096: Check libpthread_PKGCONFIG (, action cont (originally cont)) failed: 'pkg-config --short-errors --cflags libpthread' failed:
No package 'libpthread' found
DBG 29096: libpthread: Check for static library (libs -lpthread, arfile variable STATIC_LIB_libpthread=, static filenames )
DBG 29096: Compile check libpthread () (sub=0): gcc  -gstrict-dwarf -O2 -fPIC -Wall -Wsign-compare -Wfloat-equal -Wpointer-arith -Wcast-align -Wall -Werror _mkltmp3gXHld.c -o _mkltmp3gXHld.c.o  -L/Users/uttam/Desktop/kafka/node_modules/node-rdkafka/build/deps -lpthread 
DBG 29096: Setting libpthread (libpthread) status to ok (action fail)
DBG 29096: libpthread: from lib_check: LIBS: prepend -lpthread
DBG 29096: pkg-config check c11threads for CFLAGS (WITH_C11THREADS): pkg-config --short-errors --cflags c11threads
DBG 29096: 'pkg-config --short-errors --cflags c11threads' failed: No package 'c11threads' found
DBG 29096: Setting c11threads_PKGCONFIG (c11threads_PKGCONFIG) status to failed (action cont)
DBG 29096: Check c11threads_PKGCONFIG (, action cont (originally cont)) failed: 'pkg-config --short-errors --cflags c11threads' failed:
No package 'c11threads' found
DBG 29096: c11threads: Check for static library (libs -lpthread, arfile variable STATIC_LIB_c11threads=, static filenames )
DBG 29096: Compile check c11threads (WITH_C11THREADS) (sub=0): gcc  -gstrict-dwarf -O2 -fPIC -Wall -Wsign-compare -Wfloat-equal -Wpointer-arith -Wcast-align -Wall -Werror _mkltmpwMSA3J.c -o _mkltmpwMSA3J.c.o  -L/Users/uttam/Desktop/kafka/node_modules/node-rdkafka/build/deps -lpthread -lpthread
DBG 29096: compile check for c11threads (WITH_C11THREADS) failed: gcc  -gstrict-dwarf -O2 -fPIC -Wall -Wsign-compare -Wfloat-equal -Wpointer-arith -Wcast-align -Wall -Werror _mkltmpwMSA3J.c -o _mkltmpwMSA3J.c.o  -L/Users/uttam/Desktop/kafka/node_modules/node-rdkafka/build/deps -lpthread -lpthread: _mkltmpwMSA3J.c:2:10: fatal error: 'threads.h' file not found
#include <threads.h>
         ^~~~~~~~~~~
1 error generated.
DBG 29096: Setting c11threads (c11threads) status to failed (action disable)
DBG 29096: Check c11threads (WITH_C11THREADS, action disable (originally disable)) failed: compile check failed:
CC: CC
flags: -lpthread
gcc  -gstrict-dwarf -O2 -fPIC -Wall -Wsign-compare -Wfloat-equal -Wpointer-arith -Wcast-align -Wall -Werror _mkltmpwMSA3J.c -o _mkltmpwMSA3J.c.o  -L/Users/uttam/Desktop/kafka/node_modules/node-rdkafka/build/deps -lpthread -lpthread:
_mkltmpwMSA3J.c:2:10: fatal error: 'threads.h' file not found
#include <threads.h>
         ^~~~~~~~~~~
1 error generated.
source: 
#include <threads.h>


static int start_func (void *arg) {
   int iarg = *(int *)arg;
   return iarg;
}

void foo (void) {
    thrd_t thr;
    int arg = 1;
    if (thrd_create(&thr, start_func, (void *)&arg) != thrd_success) {
      ;
    }
}

DBG 29096: pkg-config check libdl for CFLAGS (WITH_LIBDL): pkg-config --short-errors --cflags libdl
DBG 29096: 'pkg-config --short-errors --cflags libdl' failed: No package 'libdl' found
DBG 29096: Setting libdl_PKGCONFIG (libdl_PKGCONFIG) status to failed (action cont)
DBG 29096: Check libdl_PKGCONFIG (, action cont (originally cont)) failed: 'pkg-config --short-errors --cflags libdl' failed:
No package 'libdl' found
DBG 29096: libdl: Check for static library (libs -ldl, arfile variable STATIC_LIB_libdl=, static filenames )
DBG 29096: Compile check libdl (WITH_LIBDL) (sub=0): gcc  -gstrict-dwarf -O2 -fPIC -Wall -Wsign-compare -Wfloat-equal -Wpointer-arith -Wcast-align -Wall -Werror _mkltmpK7oyho.c -o _mkltmpK7oyho.c.o  -L/Users/uttam/Desktop/kafka/node_modules/node-rdkafka/build/deps -ldl -lpthread
DBG 29096: Setting libdl (libdl) status to ok (action disable)
DBG 29096: libdl: from lib_check: LIBS: prepend -ldl
DBG 29096: pkg-config check zlib for CFLAGS (WITH_ZLIB): pkg-config --short-errors --cflags zlib
DBG 29096: pkg-config check zlib for LIBS (WITH_ZLIB): pkg-config --short-errors --libs zlib
DBG 29096: zlib: from pkg-config: CFLAGS '', LIBS '-ldl -lpthread'
DBG 29096: zlib: performing compile check using pkg-config info
DBG 29096: Compile check zlib (WITH_ZLIB) (sub=1): gcc  -gstrict-dwarf -O2 -fPIC -Wall -Wsign-compare -Wfloat-equal -Wpointer-arith -Wcast-align -Wall -Werror _mkltmpicg7Wn.c -o _mkltmpicg7Wn.c.o  -L/Users/uttam/Desktop/kafka/node_modules/node-rdkafka/build/deps  -lz -ldl -lpthread
DBG 29096: zlib: Check for static library (libs -lz, arfile variable STATIC_LIB_zlib=, static filenames libz.a)
DBG 29096: zlib: from pkg-config: LIBS: prepend -lz
DBG 29096: Setting zlib (zlib) status to ok (action cont)
DBG 29096: pkg-config check libcrypto for CFLAGS (): pkg-config --short-errors --cflags libcrypto
DBG 29096: pkg-config check libcrypto for LIBS (): pkg-config --short-errors --libs libcrypto
DBG 29096: libcrypto: from pkg-config: CFLAGS '', LIBS '-lz -ldl -lpthread'
DBG 29096: libcrypto: performing compile check using pkg-config info
DBG 29096: Compile check libcrypto () (sub=1): gcc  -gstrict-dwarf -O2 -fPIC -Wall -Wsign-compare -Wfloat-equal -Wpointer-arith -Wcast-align -Wall -Werror _mkltmpS4ou7n.c -o _mkltmpS4ou7n.c.o  -L/Users/uttam/Desktop/kafka/node_modules/node-rdkafka/build/deps -I/usr/local/Cellar/openssl@3/3.1.4/include -L/usr/local/Cellar/openssl@3/3.1.4/lib -lcrypto -lz -ldl -lpthread
DBG 29096: libcrypto: Check for static library (libs -L/usr/local/Cellar/openssl@3/3.1.4/lib -lcrypto, arfile variable STATIC_LIB_libcrypto=, static filenames libcrypto.a)
DBG 29096: libcrypto: from pkg-config: LIBS: prepend -L/usr/local/Cellar/openssl@3/3.1.4/lib -lcrypto
DBG 29096: Setting libcrypto (libcrypto) status to ok (action cont)
DBG 29096: pkg-config check libssl for CFLAGS (WITH_SSL): pkg-config --short-errors --cflags libssl
DBG 29096: pkg-config check libssl for LIBS (WITH_SSL): pkg-config --short-errors --libs libssl
DBG 29096: libssl: from pkg-config: CFLAGS '-I/usr/local/Cellar/openssl@3/3.1.4/include', LIBS '-L/usr/local/Cellar/openssl@3/3.1.4/lib -lcrypto -lz -ldl -lpthread'
DBG 29096: libssl: performing compile check using pkg-config info
DBG 29096: Compile check libssl (WITH_SSL) (sub=1): gcc -I/usr/local/Cellar/openssl@3/3.1.4/include -gstrict-dwarf -O2 -fPIC -Wall -Wsign-compare -Wfloat-equal -Wpointer-arith -Wcast-align -Wall -Werror _mkltmpezAnff.c -o _mkltmpezAnff.c.o  -L/Users/uttam/Desktop/kafka/node_modules/node-rdkafka/build/deps -I/usr/local/Cellar/openssl@3/3.1.4/include -L/usr/local/Cellar/openssl@3/3.1.4/lib -lssl -L/usr/local/Cellar/openssl@3/3.1.4/lib -lcrypto -lz -ldl -lpthread
DBG 29096: libssl: Check for static library (libs -L/usr/local/Cellar/openssl@3/3.1.4/lib -lssl, arfile variable STATIC_LIB_libssl=, static filenames libssl.a)
DBG 29096: libssl: from pkg-config: LIBS: prepend -L/usr/local/Cellar/openssl@3/3.1.4/lib -lssl
DBG 29096: Setting libssl (libssl) status to ok (action cont)
DBG 29096: Compile check libcrypto () (sub=1): gcc -I/usr/local/Cellar/openssl@3/3.1.4/include -I/usr/local/Cellar/openssl@3/3.1.4/include -gstrict-dwarf -O2 -fPIC -Wall -Wsign-compare -Wfloat-equal -Wpointer-arith -Wcast-align -Wall -Werror _mkltmp8OKSBL.c -o _mkltmp8OKSBL.c.o  -L/Users/uttam/Desktop/kafka/node_modules/node-rdkafka/build/deps -lcrypto -L/usr/local/Cellar/openssl@3/3.1.4/lib -lssl -L/usr/local/Cellar/openssl@3/3.1.4/lib -lcrypto -lz -ldl -lpthread
DBG 29096: compile check for libcrypto () failed: gcc -I/usr/local/Cellar/openssl@3/3.1.4/include -I/usr/local/Cellar/openssl@3/3.1.4/include -gstrict-dwarf -O2 -fPIC -Wall -Wsign-compare -Wfloat-equal -Wpointer-arith -Wcast-align -Wall -Werror _mkltmp8OKSBL.c -o _mkltmp8OKSBL.c.o  -L/Users/uttam/Desktop/kafka/node_modules/node-rdkafka/build/deps -lcrypto -L/usr/local/Cellar/openssl@3/3.1.4/lib -lssl -L/usr/local/Cellar/openssl@3/3.1.4/lib -lcrypto -lz -ldl -lpthread: _mkltmp8OKSBL.c:4:2: error: "OpenSSL version >= v3.0.0 needs OPENSSL_SUPPRESS_DEPRECATED"
#error "OpenSSL version >= v3.0.0 needs OPENSSL_SUPPRESS_DEPRECATED"
 ^
1 error generated.
DBG 29096: pkg-config check libsasl2 for CFLAGS (WITH_SASL_CYRUS): pkg-config --short-errors --cflags libsasl2
DBG 29096: 'pkg-config --short-errors --cflags libsasl2' failed: No package 'libsasl2' found
DBG 29096: Setting libsasl2_PKGCONFIG (libsasl2_PKGCONFIG) status to failed (action cont)
DBG 29096: Check libsasl2_PKGCONFIG (, action cont (originally cont)) failed: 'pkg-config --short-errors --cflags libsasl2' failed:
No package 'libsasl2' found
DBG 29096: libsasl2: Check for static library (libs -lsasl2, arfile variable STATIC_LIB_libsasl2=, static filenames )
DBG 29096: Compile check libsasl2 (WITH_SASL_CYRUS) (sub=0): gcc -I/usr/local/Cellar/openssl@3/3.1.4/include -I/usr/local/Cellar/openssl@3/3.1.4/include -gstrict-dwarf -O2 -fPIC -Wall -Wsign-compare -Wfloat-equal -Wpointer-arith -Wcast-align -Wall -Werror _mkltmpphH5yU.c -o _mkltmpphH5yU.c.o  -L/Users/uttam/Desktop/kafka/node_modules/node-rdkafka/build/deps -lsasl2 -L/usr/local/Cellar/openssl@3/3.1.4/lib -lssl -L/usr/local/Cellar/openssl@3/3.1.4/lib -lcrypto -lz -ldl -lpthread
DBG 29096: Setting libsasl2 (libsasl2) status to ok (action disable)
DBG 29096: libsasl2: from lib_check: LIBS: prepend -lsasl2
DBG 29096: pkg-config check libzstd for CFLAGS (WITH_ZSTD): pkg-config --short-errors --cflags libzstd
DBG 29096: pkg-config check libzstd for LIBS (WITH_ZSTD): pkg-config --short-errors --libs libzstd
DBG 29096: libzstd: from pkg-config: CFLAGS '-I/usr/local/Cellar/openssl@3/3.1.4/include -I/usr/local/Cellar/openssl@3/3.1.4/include', LIBS '-lsasl2 -L/usr/local/Cellar/openssl@3/3.1.4/lib -lssl -L/usr/local/Cellar/openssl@3/3.1.4/lib -lcrypto -lz -ldl -lpthread'
DBG 29096: libzstd: performing compile check using pkg-config info
DBG 29096: Compile check libzstd (WITH_ZSTD) (sub=1): gcc -I/usr/local/Cellar/openssl@3/3.1.4/include -I/usr/local/Cellar/openssl@3/3.1.4/include -gstrict-dwarf -O2 -fPIC -Wall -Wsign-compare -Wfloat-equal -Wpointer-arith -Wcast-align -Wall -Werror _mkltmppQTzKw.c -o _mkltmppQTzKw.c.o  -L/Users/uttam/Desktop/kafka/node_modules/node-rdkafka/build/deps -I/usr/local/opt/zstd/include -L/usr/local/opt/zstd/lib -lzstd -lsasl2 -L/usr/local/Cellar/openssl@3/3.1.4/lib -lssl -L/usr/local/Cellar/openssl@3/3.1.4/lib -lcrypto -lz -ldl -lpthread
DBG 29096: libzstd: Check for static library (libs -L/usr/local/opt/zstd/lib -lzstd, arfile variable STATIC_LIB_libzstd=, static filenames libzstd.a)
DBG 29096: libzstd: from pkg-config: LIBS: prepend -L/usr/local/opt/zstd/lib -lzstd
DBG 29096: Setting libzstd (libzstd) status to ok (action cont)
DBG 29096: pkg-config check libcurl for CFLAGS (WITH_CURL): pkg-config --short-errors --cflags libcurl
DBG 29096: pkg-config check libcurl for LIBS (WITH_CURL): pkg-config --short-errors --libs libcurl
DBG 29096: libcurl: from pkg-config: CFLAGS '-I/usr/local/Cellar/openssl@3/3.1.4/include -I/usr/local/Cellar/openssl@3/3.1.4/include -I/usr/local/opt/zstd/include', LIBS '-L/usr/local/opt/zstd/lib -lzstd -lsasl2 -L/usr/local/Cellar/openssl@3/3.1.4/lib -lssl -L/usr/local/Cellar/openssl@3/3.1.4/lib -lcrypto -lz -ldl -lpthread'
DBG 29096: libcurl: performing compile check using pkg-config info
DBG 29096: Compile check libcurl (WITH_CURL) (sub=1): gcc -I/usr/local/Cellar/openssl@3/3.1.4/include -I/usr/local/Cellar/openssl@3/3.1.4/include -I/usr/local/opt/zstd/include -gstrict-dwarf -O2 -fPIC -Wall -Wsign-compare -Wfloat-equal -Wpointer-arith -Wcast-align -Wall -Werror _mkltmpHlOErh.c -o _mkltmpHlOErh.c.o  -L/Users/uttam/Desktop/kafka/node_modules/node-rdkafka/build/deps  -lcurl -L/usr/local/opt/zstd/lib -lzstd -lsasl2 -L/usr/local/Cellar/openssl@3/3.1.4/lib -lssl -L/usr/local/Cellar/openssl@3/3.1.4/lib -lcrypto -lz -ldl -lpthread
DBG 29096: libcurl: Check for static library (libs -lcurl, arfile variable STATIC_LIB_libcurl=, static filenames libcurl.a)
DBG 29096: libcurl: from pkg-config: LIBS: prepend -lcurl
DBG 29096: Setting libcurl (libcurl) status to ok (action cont)
DBG 29096: pkg-config check libm for CFLAGS (): pkg-config --short-errors --cflags libm
DBG 29096: 'pkg-config --short-errors --cflags libm' failed: No package 'libm' found
DBG 29096: Setting libm_PKGCONFIG (libm_PKGCONFIG) status to failed (action cont)
DBG 29096: Check libm_PKGCONFIG (, action cont (originally cont)) failed: 'pkg-config --short-errors --cflags libm' failed:
No package 'libm' found
DBG 29096: libm: Check for static library (libs -lm, arfile variable STATIC_LIB_libm=, static filenames )
DBG 29096: Compile check libm () (sub=0): gcc -I/usr/local/Cellar/openssl@3/3.1.4/include -I/usr/local/Cellar/openssl@3/3.1.4/include -I/usr/local/opt/zstd/include -gstrict-dwarf -O2 -fPIC -Wall -Wsign-compare -Wfloat-equal -Wpointer-arith -Wcast-align -Wall -Werror _mkltmpqoSmcT.c -o _mkltmpqoSmcT.c.o  -L/Users/uttam/Desktop/kafka/node_modules/node-rdkafka/build/deps -lm -lcurl -L/usr/local/opt/zstd/lib -lzstd -lsasl2 -L/usr/local/Cellar/openssl@3/3.1.4/lib -lssl -L/usr/local/Cellar/openssl@3/3.1.4/lib -lcrypto -lz -ldl -lpthread
DBG 29096: Setting libm (libm) status to ok (action disable)
DBG 29096: libm: from lib_check: LIBS: prepend -lm
DBG 29096: pkg-config check liblz4 for CFLAGS (WITH_LZ4_EXT): pkg-config --short-errors --cflags liblz4
DBG 29096: pkg-config check liblz4 for LIBS (WITH_LZ4_EXT): pkg-config --short-errors --libs liblz4
DBG 29096: liblz4: from pkg-config: CFLAGS '-I/usr/local/Cellar/openssl@3/3.1.4/include -I/usr/local/Cellar/openssl@3/3.1.4/include -I/usr/local/opt/zstd/include ', LIBS '-lm -lcurl -L/usr/local/opt/zstd/lib -lzstd -lsasl2 -L/usr/local/Cellar/openssl@3/3.1.4/lib -lssl -L/usr/local/Cellar/openssl@3/3.1.4/lib -lcrypto -lz -ldl -lpthread'
DBG 29096: liblz4: performing compile check using pkg-config info
DBG 29096: Compile check liblz4 (WITH_LZ4_EXT) (sub=1): gcc -I/usr/local/Cellar/openssl@3/3.1.4/include -I/usr/local/Cellar/openssl@3/3.1.4/include -I/usr/local/opt/zstd/include -gstrict-dwarf -O2 -fPIC -Wall -Wsign-compare -Wfloat-equal -Wpointer-arith -Wcast-align -Wall -Werror _mkltmpFEIuhO.c -o _mkltmpFEIuhO.c.o  -L/Users/uttam/Desktop/kafka/node_modules/node-rdkafka/build/deps -I/usr/local/Cellar/lz4/1.9.4/include -L/usr/local/Cellar/lz4/1.9.4/lib -llz4 -lm -lcurl -L/usr/local/opt/zstd/lib -lzstd -lsasl2 -L/usr/local/Cellar/openssl@3/3.1.4/lib -lssl -L/usr/local/Cellar/openssl@3/3.1.4/lib -lcrypto -lz -ldl -lpthread
DBG 29096: liblz4: Check for static library (libs -L/usr/local/Cellar/lz4/1.9.4/lib -llz4, arfile variable STATIC_LIB_liblz4=, static filenames liblz4.a)
DBG 29096: liblz4: from pkg-config: LIBS: prepend -L/usr/local/Cellar/lz4/1.9.4/lib -llz4
DBG 29096: Setting liblz4 (liblz4) status to ok (action cont)
DBG 29096: Compile check syslog (WITH_SYSLOG) (sub=0): gcc -I/usr/local/Cellar/openssl@3/3.1.4/include -I/usr/local/Cellar/openssl@3/3.1.4/include -I/usr/local/opt/zstd/include -I/usr/local/Cellar/lz4/1.9.4/include -gstrict-dwarf -O2 -fPIC -Wall -Wsign-compare -Wfloat-equal -Wpointer-arith -Wcast-align -Wall -Werror _mkltmpq0mp3M.c -o _mkltmpq0mp3M.c.o  -L/Users/uttam/Desktop/kafka/node_modules/node-rdkafka/build/deps  -L/usr/local/Cellar/lz4/1.9.4/lib -llz4 -lm -lcurl -L/usr/local/opt/zstd/lib -lzstd -lsasl2 -L/usr/local/Cellar/openssl@3/3.1.4/lib -lssl -L/usr/local/Cellar/openssl@3/3.1.4/lib -lcrypto -lz -ldl -lpthread
DBG 29096: Setting syslog (syslog) status to ok (action disable)
DBG 29096: Compile check rapidjson (WITH_RAPIDJSON) (sub=0): g++  -gstrict-dwarf -O2 -fPIC -Wall -Wsign-compare -Wfloat-equal -Wpointer-arith -Wcast-align -Wall -Werror _mkltmpCsKzuZ.cpp -o _mkltmpCsKzuZ.cpp.o  -L/Users/uttam/Desktop/kafka/node_modules/node-rdkafka/build/deps  -L/usr/local/Cellar/lz4/1.9.4/lib -llz4 -lm -lcurl -L/usr/local/opt/zstd/lib -lzstd -lsasl2 -L/usr/local/Cellar/openssl@3/3.1.4/lib -lssl -L/usr/local/Cellar/openssl@3/3.1.4/lib -lcrypto -lz -ldl -lpthread
DBG 29096: compile check for rapidjson (WITH_RAPIDJSON) failed: g++  -gstrict-dwarf -O2 -fPIC -Wall -Wsign-compare -Wfloat-equal -Wpointer-arith -Wcast-align -Wall -Werror _mkltmpCsKzuZ.cpp -o _mkltmpCsKzuZ.cpp.o  -L/Users/uttam/Desktop/kafka/node_modules/node-rdkafka/build/deps  -L/usr/local/Cellar/lz4/1.9.4/lib -llz4 -lm -lcurl -L/usr/local/opt/zstd/lib -lzstd -lsasl2 -L/usr/local/Cellar/openssl@3/3.1.4/lib -lssl -L/usr/local/Cellar/openssl@3/3.1.4/lib -lcrypto -lz -ldl -lpthread: _mkltmpCsKzuZ.cpp:1:10: fatal error: 'rapidjson/schema.h' file not found
#include <rapidjson/schema.h>
         ^~~~~~~~~~~~~~~~~~~~
1 error generated.
DBG 29096: Setting rapidjson (rapidjson) status to failed (action disable)
DBG 29096: Check rapidjson (WITH_RAPIDJSON, action disable (originally disable)) failed: compile check failed:
CC: CXX
flags: 
g++  -gstrict-dwarf -O2 -fPIC -Wall -Wsign-compare -Wfloat-equal -Wpointer-arith -Wcast-align -Wall -Werror _mkltmpCsKzuZ.cpp -o _mkltmpCsKzuZ.cpp.o  -L/Users/uttam/Desktop/kafka/node_modules/node-rdkafka/build/deps  -L/usr/local/Cellar/lz4/1.9.4/lib -llz4 -lm -lcurl -L/usr/local/opt/zstd/lib -lzstd -lsasl2 -L/usr/local/Cellar/openssl@3/3.1.4/lib -lssl -L/usr/local/Cellar/openssl@3/3.1.4/lib -lcrypto -lz -ldl -lpthread:
_mkltmpCsKzuZ.cpp:1:10: fatal error: 'rapidjson/schema.h' file not found
#include <rapidjson/schema.h>
         ^~~~~~~~~~~~~~~~~~~~
1 error generated.
source: #include <rapidjson/schema.h>
DBG 29096: Compile check crc32chw (WITH_CRC32C_HW) (sub=0): gcc -I/usr/local/Cellar/openssl@3/3.1.4/include -I/usr/local/Cellar/openssl@3/3.1.4/include -I/usr/local/opt/zstd/include -I/usr/local/Cellar/lz4/1.9.4/include -gstrict-dwarf -O2 -fPIC -Wall -Wsign-compare -Wfloat-equal -Wpointer-arith -Wcast-align -Wall -Werror _mkltmpgXRWt0.c -o _mkltmpgXRWt0.c.o  -L/Users/uttam/Desktop/kafka/node_modules/node-rdkafka/build/deps  -L/usr/local/Cellar/lz4/1.9.4/lib -llz4 -lm -lcurl -L/usr/local/opt/zstd/lib -lzstd -lsasl2 -L/usr/local/Cellar/openssl@3/3.1.4/lib -lssl -L/usr/local/Cellar/openssl@3/3.1.4/lib -lcrypto -lz -ldl -lpthread
DBG 29096: Setting crc32chw (crc32chw) status to ok (action disable)
DBG 29096: Compile check regex (HAVE_REGEX) (sub=0): gcc -I/usr/local/Cellar/openssl@3/3.1.4/include -I/usr/local/Cellar/openssl@3/3.1.4/include -I/usr/local/opt/zstd/include -I/usr/local/Cellar/lz4/1.9.4/include -gstrict-dwarf -O2 -fPIC -Wall -Wsign-compare -Wfloat-equal -Wpointer-arith -Wcast-align -Wall -Werror _mkltmp1Z3Lig.c -o _mkltmp1Z3Lig.c.o  -L/Users/uttam/Desktop/kafka/node_modules/node-rdkafka/build/deps  -L/usr/local/Cellar/lz4/1.9.4/lib -llz4 -lm -lcurl -L/usr/local/opt/zstd/lib -lzstd -lsasl2 -L/usr/local/Cellar/openssl@3/3.1.4/lib -lssl -L/usr/local/Cellar/openssl@3/3.1.4/lib -lcrypto -lz -ldl -lpthread
DBG 29096: Setting regex (regex) status to ok (action disable)
DBG 29096: Compile check rand_r (HAVE_RAND_R) (sub=0): gcc -I/usr/local/Cellar/openssl@3/3.1.4/include -I/usr/local/Cellar/openssl@3/3.1.4/include -I/usr/local/opt/zstd/include -I/usr/local/Cellar/lz4/1.9.4/include -gstrict-dwarf -O2 -fPIC -Wall -Wsign-compare -Wfloat-equal -Wpointer-arith -Wcast-align -Wall -Werror _mkltmpqtru7j.c -o _mkltmpqtru7j.c.o  -L/Users/uttam/Desktop/kafka/node_modules/node-rdkafka/build/deps  -L/usr/local/Cellar/lz4/1.9.4/lib -llz4 -lm -lcurl -L/usr/local/opt/zstd/lib -lzstd -lsasl2 -L/usr/local/Cellar/openssl@3/3.1.4/lib -lssl -L/usr/local/Cellar/openssl@3/3.1.4/lib -lcrypto -lz -ldl -lpthread
DBG 29096: Setting rand_r (rand_r) status to ok (action disable)
DBG 29096: Compile check strndup (HAVE_STRNDUP) (sub=0): gcc -I/usr/local/Cellar/openssl@3/3.1.4/include -I/usr/local/Cellar/openssl@3/3.1.4/include -I/usr/local/opt/zstd/include -I/usr/local/Cellar/lz4/1.9.4/include -gstrict-dwarf -O2 -fPIC -Wall -Wsign-compare -Wfloat-equal -Wpointer-arith -Wcast-align -Wall -Werror _mkltmp26ZxUw.c -o _mkltmp26ZxUw.c.o  -L/Users/uttam/Desktop/kafka/node_modules/node-rdkafka/build/deps  -L/usr/local/Cellar/lz4/1.9.4/lib -llz4 -lm -lcurl -L/usr/local/opt/zstd/lib -lzstd -lsasl2 -L/usr/local/Cellar/openssl@3/3.1.4/lib -lssl -L/usr/local/Cellar/openssl@3/3.1.4/lib -lcrypto -lz -ldl -lpthread
DBG 29096: Setting strndup (strndup) status to ok (action disable)
DBG 29096: Compile check strlcpy (HAVE_STRLCPY) (sub=0): gcc -I/usr/local/Cellar/openssl@3/3.1.4/include -I/usr/local/Cellar/openssl@3/3.1.4/include -I/usr/local/opt/zstd/include -I/usr/local/Cellar/lz4/1.9.4/include -gstrict-dwarf -O2 -fPIC -Wall -Wsign-compare -Wfloat-equal -Wpointer-arith -Wcast-align -Wall -Werror _mkltmpoeiEEw.c -o _mkltmpoeiEEw.c.o  -L/Users/uttam/Desktop/kafka/node_modules/node-rdkafka/build/deps  -L/usr/local/Cellar/lz4/1.9.4/lib -llz4 -lm -lcurl -L/usr/local/opt/zstd/lib -lzstd -lsasl2 -L/usr/local/Cellar/openssl@3/3.1.4/lib -lssl -L/usr/local/Cellar/openssl@3/3.1.4/lib -lcrypto -lz -ldl -lpthread
DBG 29096: Setting strlcpy (strlcpy) status to ok (action disable)
DBG 29096: Compile check strerror_r (HAVE_STRERROR_R) (sub=0): gcc -I/usr/local/Cellar/openssl@3/3.1.4/include -I/usr/local/Cellar/openssl@3/3.1.4/include -I/usr/local/opt/zstd/include -I/usr/local/Cellar/lz4/1.9.4/include -gstrict-dwarf -O2 -fPIC -Wall -Wsign-compare -Wfloat-equal -Wpointer-arith -Wcast-align -Wall -Werror _mkltmpAdYZJy.c -o _mkltmpAdYZJy.c.o  -L/Users/uttam/Desktop/kafka/node_modules/node-rdkafka/build/deps  -L/usr/local/Cellar/lz4/1.9.4/lib -llz4 -lm -lcurl -L/usr/local/opt/zstd/lib -lzstd -lsasl2 -L/usr/local/Cellar/openssl@3/3.1.4/lib -lssl -L/usr/local/Cellar/openssl@3/3.1.4/lib -lcrypto -lz -ldl -lpthread
DBG 29096: Setting strerror_r (strerror_r) status to ok (action disable)
DBG 29096: Compile check strcasestr (HAVE_STRCASESTR) (sub=0): gcc -I/usr/local/Cellar/openssl@3/3.1.4/include -I/usr/local/Cellar/openssl@3/3.1.4/include -I/usr/local/opt/zstd/include -I/usr/local/Cellar/lz4/1.9.4/include -gstrict-dwarf -O2 -fPIC -Wall -Wsign-compare -Wfloat-equal -Wpointer-arith -Wcast-align -Wall -Werror _mkltmp15MXnr.c -o _mkltmp15MXnr.c.o  -L/Users/uttam/Desktop/kafka/node_modules/node-rdkafka/build/deps  -L/usr/local/Cellar/lz4/1.9.4/lib -llz4 -lm -lcurl -L/usr/local/opt/zstd/lib -lzstd -lsasl2 -L/usr/local/Cellar/openssl@3/3.1.4/lib -lssl -L/usr/local/Cellar/openssl@3/3.1.4/lib -lcrypto -lz -ldl -lpthread
DBG 29096: Setting strcasestr (strcasestr) status to ok (action disable)
DBG 29096: Compile check pthread_setname_gnu (HAVE_PTHREAD_SETNAME_GNU) (sub=0): gcc -I/usr/local/Cellar/openssl@3/3.1.4/include -I/usr/local/Cellar/openssl@3/3.1.4/include -I/usr/local/opt/zstd/include -I/usr/local/Cellar/lz4/1.9.4/include -gstrict-dwarf -O2 -fPIC -Wall -Wsign-compare -Wfloat-equal -Wpointer-arith -Wcast-align -Wall -Werror _mkltmpIiT3mj.c -o _mkltmpIiT3mj.c.o  -L/Users/uttam/Desktop/kafka/node_modules/node-rdkafka/build/deps -D_GNU_SOURCE -lpthread -L/usr/local/Cellar/lz4/1.9.4/lib -llz4 -lm -lcurl -L/usr/local/opt/zstd/lib -lzstd -lsasl2 -L/usr/local/Cellar/openssl@3/3.1.4/lib -lssl -L/usr/local/Cellar/openssl@3/3.1.4/lib -lcrypto -lz -ldl -lpthread
DBG 29096: compile check for pthread_setname_gnu (HAVE_PTHREAD_SETNAME_GNU) failed: gcc -I/usr/local/Cellar/openssl@3/3.1.4/include -I/usr/local/Cellar/openssl@3/3.1.4/include -I/usr/local/opt/zstd/include -I/usr/local/Cellar/lz4/1.9.4/include -gstrict-dwarf -O2 -fPIC -Wall -Wsign-compare -Wfloat-equal -Wpointer-arith -Wcast-align -Wall -Werror _mkltmpIiT3mj.c -o _mkltmpIiT3mj.c.o  -L/Users/uttam/Desktop/kafka/node_modules/node-rdkafka/build/deps -D_GNU_SOURCE -lpthread -L/usr/local/Cellar/lz4/1.9.4/lib -llz4 -lm -lcurl -L/usr/local/opt/zstd/lib -lzstd -lsasl2 -L/usr/local/Cellar/openssl@3/3.1.4/lib -lssl -L/usr/local/Cellar/openssl@3/3.1.4/lib -lcrypto -lz -ldl -lpthread: _mkltmpIiT3mj.c:5:38: error: too many arguments to function call, expected 1, have 2
  pthread_setname_np(pthread_self(), "abc");
  ~~~~~~~~~~~~~~~~~~                 ^~~~~
/Library/Developer/CommandLineTools/SDKs/MacOSX.sdk/usr/include/pthread.h:535:5: note: 'pthread_setname_np' declared here
int     pthread_setname_np(const char*);
        ^
1 error generated.
DBG 29096: Setting pthread_setname_gnu (pthread_setname_gnu) status to failed (action disable)
DBG 29096: Check pthread_setname_gnu (HAVE_PTHREAD_SETNAME_GNU, action disable (originally disable)) failed: compile check failed:
CC: CC
flags: -D_GNU_SOURCE -lpthread
gcc -I/usr/local/Cellar/openssl@3/3.1.4/include -I/usr/local/Cellar/openssl@3/3.1.4/include -I/usr/local/opt/zstd/include -I/usr/local/Cellar/lz4/1.9.4/include -gstrict-dwarf -O2 -fPIC -Wall -Wsign-compare -Wfloat-equal -Wpointer-arith -Wcast-align -Wall -Werror _mkltmpIiT3mj.c -o _mkltmpIiT3mj.c.o  -L/Users/uttam/Desktop/kafka/node_modules/node-rdkafka/build/deps -D_GNU_SOURCE -lpthread -L/usr/local/Cellar/lz4/1.9.4/lib -llz4 -lm -lcurl -L/usr/local/opt/zstd/lib -lzstd -lsasl2 -L/usr/local/Cellar/openssl@3/3.1.4/lib -lssl -L/usr/local/Cellar/openssl@3/3.1.4/lib -lcrypto -lz -ldl -lpthread:
_mkltmpIiT3mj.c:5:38: error: too many arguments to function call, expected 1, have 2
  pthread_setname_np(pthread_self(), "abc");
  ~~~~~~~~~~~~~~~~~~                 ^~~~~
/Library/Developer/CommandLineTools/SDKs/MacOSX.sdk/usr/include/pthread.h:535:5: note: 'pthread_setname_np' declared here
int     pthread_setname_np(const char*);
        ^
1 error generated.
source: 
#include <pthread.h>

void foo (void) {
  pthread_setname_np(pthread_self(), "abc");
}

DBG 29096: Compile check pthread_setname_darwin (HAVE_PTHREAD_SETNAME_DARWIN) (sub=0): gcc -I/usr/local/Cellar/openssl@3/3.1.4/include -I/usr/local/Cellar/openssl@3/3.1.4/include -I/usr/local/opt/zstd/include -I/usr/local/Cellar/lz4/1.9.4/include -gstrict-dwarf -O2 -fPIC -Wall -Wsign-compare -Wfloat-equal -Wpointer-arith -Wcast-align -Wall -Werror _mkltmpvr1Fv5.c -o _mkltmpvr1Fv5.c.o  -L/Users/uttam/Desktop/kafka/node_modules/node-rdkafka/build/deps -D_DARWIN_C_SOURCE -lpthread -L/usr/local/Cellar/lz4/1.9.4/lib -llz4 -lm -lcurl -L/usr/local/opt/zstd/lib -lzstd -lsasl2 -L/usr/local/Cellar/openssl@3/3.1.4/lib -lssl -L/usr/local/Cellar/openssl@3/3.1.4/lib -lcrypto -lz -ldl -lpthread
DBG 29096: Setting pthread_setname_darwin (pthread_setname_darwin) status to ok (action disable)
DBG 29096: Setting nm (nm) status to ok (action cont)
DBG 29096: Compile check getrusage (HAVE_GETRUSAGE) (sub=0): gcc -I/usr/local/Cellar/openssl@3/3.1.4/include -I/usr/local/Cellar/openssl@3/3.1.4/include -I/usr/local/opt/zstd/include -I/usr/local/Cellar/lz4/1.9.4/include -gstrict-dwarf -O2 -fPIC -Wall -Wsign-compare -Wfloat-equal -Wpointer-arith -Wcast-align -Wall -Werror _mkltmpfWZQ27.c -o _mkltmpfWZQ27.c.o  -L/Users/uttam/Desktop/kafka/node_modules/node-rdkafka/build/deps  -L/usr/local/Cellar/lz4/1.9.4/lib -llz4 -lm -lcurl -L/usr/local/opt/zstd/lib -lzstd -lsasl2 -L/usr/local/Cellar/openssl@3/3.1.4/lib -lssl -L/usr/local/Cellar/openssl@3/3.1.4/lib -lcrypto -lz -ldl -lpthread
DBG 29096: Setting getrusage (getrusage) status to ok (action disable)
DBG 29096: Ignoring arg -L/usr/local/Cellar/lz4/1.9.4/lib from LIBS while building STATIC and DYNAMIC lists
DBG 29096: Ignoring arg -L/usr/local/opt/zstd/lib from LIBS while building STATIC and DYNAMIC lists
DBG 29096: Ignoring arg -L/usr/local/Cellar/openssl@3/3.1.4/lib from LIBS while building STATIC and DYNAMIC lists
DBG 29096: Ignoring arg -L/usr/local/Cellar/openssl@3/3.1.4/lib from LIBS while building STATIC and DYNAMIC lists
